This is pdfTeX, Version 3.1415926-2.5-1.40.14 (TeX Live 2013) (format=pdflatex 2014.1.20)  14 MAY 2014 15:07
entering extended mode
 restricted \write18 enabled.
 %&-line parsing enabled.
**CoulsonTulja.tex
(./CoulsonTulja.tex
LaTeX2e <2011/06/27>
Babel <3.9f> and hyphenation patterns for 78 languages loaded.
(/usr/local/texlive/2013/texmf-dist/tex/latex/base/article.cls
Document Class: article 2007/10/19 v1.4h Standard LaTeX document class
(/usr/local/texlive/2013/texmf-dist/tex/latex/base/size10.clo
File: size10.clo 2007/10/19 v1.4h Standard LaTeX file (size option)
)
\c@part=\count79
\c@section=\count80
\c@subsection=\count81
\c@subsubsection=\count82
\c@paragraph=\count83
\c@subparagraph=\count84
\c@figure=\count85
\c@table=\count86
\abovecaptionskip=\skip41
\belowcaptionskip=\skip42
\bibindent=\dimen102
)
(/usr/local/texlive/2013/texmf-dist/tex/latex/graphics/graphicx.sty
Package: graphicx 1999/02/16 v1.0f Enhanced LaTeX Graphics (DPC,SPQR)

(/usr/local/texlive/2013/texmf-dist/tex/latex/graphics/keyval.sty
Package: keyval 1999/03/16 v1.13 key=value parser (DPC)
\KV@toks@=\toks14
)
(/usr/local/texlive/2013/texmf-dist/tex/latex/graphics/graphics.sty
Package: graphics 2009/02/05 v1.0o Standard LaTeX Graphics (DPC,SPQR)

(/usr/local/texlive/2013/texmf-dist/tex/latex/graphics/trig.sty
Package: trig 1999/03/16 v1.09 sin cos tan (DPC)
)
(/usr/local/texlive/2013/texmf-dist/tex/latex/latexconfig/graphics.cfg
File: graphics.cfg 2010/04/23 v1.9 graphics configuration of TeX Live
)
Package graphics Info: Driver file: pdftex.def on input line 91.

(/usr/local/texlive/2013/texmf-dist/tex/latex/pdftex-def/pdftex.def
File: pdftex.def 2011/05/27 v0.06d Graphics/color for pdfTeX

(/usr/local/texlive/2013/texmf-dist/tex/generic/oberdiek/infwarerr.sty
Package: infwarerr 2010/04/08 v1.3 Providing info/warning/error messages (HO)
)
(/usr/local/texlive/2013/texmf-dist/tex/generic/oberdiek/ltxcmds.sty
Package: ltxcmds 2011/11/09 v1.22 LaTeX kernel commands for general use (HO)
)
\Gread@gobject=\count87
))
\Gin@req@height=\dimen103
\Gin@req@width=\dimen104
)
(/usr/local/texlive/2013/texmf-dist/tex/latex/graphics/color.sty
Package: color 2005/11/14 v1.0j Standard LaTeX Color (DPC)

(/usr/local/texlive/2013/texmf-dist/tex/latex/latexconfig/color.cfg
File: color.cfg 2007/01/18 v1.5 color configuration of teTeX/TeXLive
)
Package color Info: Driver file: pdftex.def on input line 130.
)
(/usr/local/texlive/2013/texmf-dist/tex/latex/framed/framed.sty
Package: framed 2011/10/22 v 0.96: framed or shaded text with page breaks
\OuterFrameSep=\skip43
\fb@frw=\dimen105
\fb@frh=\dimen106
\FrameRule=\dimen107
\FrameSep=\dimen108
)
(/usr/local/texlive/2013/texmf-dist/tex/latex/base/alltt.sty
Package: alltt 1997/06/16 v2.0g defines alltt environment
)
(/usr/local/texlive/2013/texmf-dist/tex/latex/upquote/upquote.sty
Package: upquote 2012/04/19 v1.3 upright-quote and grave-accent glyphs in verba
tim
)
(./CoulsonTulja.aux)
\openout1 = `CoulsonTulja.aux'.

LaTeX Font Info:    Checking defaults for OML/cmm/m/it on input line 54.
LaTeX Font Info:    ... okay on input line 54.
LaTeX Font Info:    Checking defaults for T1/cmr/m/n on input line 54.
LaTeX Font Info:    ... okay on input line 54.
LaTeX Font Info:    Checking defaults for OT1/cmr/m/n on input line 54.
LaTeX Font Info:    ... okay on input line 54.
LaTeX Font Info:    Checking defaults for OMS/cmsy/m/n on input line 54.
LaTeX Font Info:    ... okay on input line 54.
LaTeX Font Info:    Checking defaults for OMX/cmex/m/n on input line 54.
LaTeX Font Info:    ... okay on input line 54.
LaTeX Font Info:    Checking defaults for U/cmr/m/n on input line 54.
LaTeX Font Info:    ... okay on input line 54.

(/usr/local/texlive/2013/texmf-dist/tex/context/base/supp-pdf.mkii
[Loading MPS to PDF converter (version 2006.09.02).]
\scratchcounter=\count88
\scratchdimen=\dimen109
\scratchbox=\box26
\nofMPsegments=\count89
\nofMParguments=\count90
\everyMPshowfont=\toks15
\MPscratchCnt=\count91
\MPscratchDim=\dimen110
\MPnumerator=\count92
\makeMPintoPDFobject=\count93
\everyMPtoPDFconversion=\toks16
) (/usr/local/texlive/2013/texmf-dist/tex/generic/oberdiek/pdftexcmds.sty
Package: pdftexcmds 2011/11/29 v0.20 Utility functions of pdfTeX for LuaTeX (HO
)

(/usr/local/texlive/2013/texmf-dist/tex/generic/oberdiek/ifluatex.sty
Package: ifluatex 2010/03/01 v1.3 Provides the ifluatex switch (HO)
Package ifluatex Info: LuaTeX not detected.
)
(/usr/local/texlive/2013/texmf-dist/tex/generic/oberdiek/ifpdf.sty
Package: ifpdf 2011/01/30 v2.3 Provides the ifpdf switch (HO)
Package ifpdf Info: pdfTeX in PDF mode is detected.
)
Package pdftexcmds Info: LuaTeX not detected.
Package pdftexcmds Info: \pdf@primitive is available.
Package pdftexcmds Info: \pdf@ifprimitive is available.
Package pdftexcmds Info: \pdfdraftmode found.
)
(/usr/local/texlive/2013/texmf-dist/tex/latex/oberdiek/epstopdf-base.sty
Package: epstopdf-base 2010/02/09 v2.5 Base part for package epstopdf

(/usr/local/texlive/2013/texmf-dist/tex/latex/oberdiek/grfext.sty
Package: grfext 2010/08/19 v1.1 Manage graphics extensions (HO)

(/usr/local/texlive/2013/texmf-dist/tex/generic/oberdiek/kvdefinekeys.sty
Package: kvdefinekeys 2011/04/07 v1.3 Define keys (HO)
))
(/usr/local/texlive/2013/texmf-dist/tex/latex/oberdiek/kvoptions.sty
Package: kvoptions 2011/06/30 v3.11 Key value format for package options (HO)

(/usr/local/texlive/2013/texmf-dist/tex/generic/oberdiek/kvsetkeys.sty
Package: kvsetkeys 2012/04/25 v1.16 Key value parser (HO)

(/usr/local/texlive/2013/texmf-dist/tex/generic/oberdiek/etexcmds.sty
Package: etexcmds 2011/02/16 v1.5 Avoid name clashes with e-TeX commands (HO)
Package etexcmds Info: Could not find \expanded.
(etexcmds)             That can mean that you are not using pdfTeX 1.50 or
(etexcmds)             that some package has redefined \expanded.
(etexcmds)             In the latter case, load this package earlier.
)))
Package grfext Info: Graphics extension search list:
(grfext)             [.png,.pdf,.jpg,.mps,.jpeg,.jbig2,.jb2,.PNG,.PDF,.JPG,.JPE
G,.JBIG2,.JB2,.eps]
(grfext)             \AppendGraphicsExtensions on input line 452.

(/usr/local/texlive/2013/texmf-dist/tex/latex/latexconfig/epstopdf-sys.cfg
File: epstopdf-sys.cfg 2010/07/13 v1.3 Configuration of (r)epstopdf for TeX Liv
e
))
Package color Info: Redefining color shadecolor on input line 59.
LaTeX Font Info:    Font shape `OT1/cmtt/bx/n' in size <10> not available
(Font)              Font shape `OT1/cmtt/m/n' tried instead on input line 61.
Package color Info: Redefining color shadecolor on input line 83.

Overfull \hbox (11.99689pt too wide) in paragraph at lines 93--93
[][]\OT1/cmtt/m/n/10 dat3[][]<-[][]reshape[][](dat2,[] []idvar[] []=[] []"ID"[]
[],[] []timevar[] []=[] []"t"[][],[] []direction[] []=[] []"wide"[][])[][] 
 []

LaTeX Font Info:    Try loading font information for OMS+cmtt on input line 94.

(/Library/Frameworks/R.framework/Resources/share/texmf/tex/latex/omscmtt.fd
File: omscmtt.fd 
)
LaTeX Font Info:    Font shape `OMS/cmtt/m/n' in size <10> not available
(Font)              Font shape `OMS/cmsy/m/n' tried instead on input line 94.

Overfull \hbox (242.99487pt too wide) in paragraph at lines 95--95
[]  []\OT1/cmtt/m/n/10 plot[][](dat3[,i],dat3[,i[][]+[][]1[][]],[][]main[][]=[]
[]paste[][]([][]"Year"[][],i[][]-[][]1[][]),[][]xlab[][]=[][]paste[][]([][]"z("
[][],i[][]-[][]1[][],[][]")"[][],[][]sep[][]=[][]""[][]),[][]ylab[][]=[][]paste
[][]([][]"z("[][],i,[][]")"[][],[][]sep[][]=[][]""[][]))[][] 
 []

<figure/Reshaping1.pdf, id=1, 505.89pt x 505.89pt>
File: figure/Reshaping1.pdf Graphic file (type pdf)
 <use figure/Reshaping1.pdf>
Package pdftex.def Info: figure/Reshaping1.pdf used on input line 117.
(pdftex.def)             Requested size: 120.7521pt x 120.75221pt.

<figure/Reshaping2.pdf, id=2, 505.89pt x 505.89pt>
File: figure/Reshaping2.pdf Graphic file (type pdf)
 <use figure/Reshaping2.pdf>
Package pdftex.def Info: figure/Reshaping2.pdf used on input line 118.
(pdftex.def)             Requested size: 120.7521pt x 120.75221pt.

<figure/Reshaping3.pdf, id=3, 505.89pt x 505.89pt>
File: figure/Reshaping3.pdf Graphic file (type pdf)
 <use figure/Reshaping3.pdf>
Package pdftex.def Info: figure/Reshaping3.pdf used on input line 119.
(pdftex.def)             Requested size: 120.7521pt x 120.75221pt.

<figure/Reshaping4.pdf, id=4, 505.89pt x 505.89pt>
File: figure/Reshaping4.pdf Graphic file (type pdf)
 <use figure/Reshaping4.pdf>
Package pdftex.def Info: figure/Reshaping4.pdf used on input line 120.
(pdftex.def)             Requested size: 120.7521pt x 120.75221pt.

<figure/Reshaping5.pdf, id=5, 505.89pt x 505.89pt>
File: figure/Reshaping5.pdf Graphic file (type pdf)
 <use figure/Reshaping5.pdf>
Package pdftex.def Info: figure/Reshaping5.pdf used on input line 121.
(pdftex.def)             Requested size: 120.7521pt x 120.75221pt.

<figure/Reshaping6.pdf, id=6, 505.89pt x 505.89pt>
File: figure/Reshaping6.pdf Graphic file (type pdf)
 <use figure/Reshaping6.pdf>
Package pdftex.def Info: figure/Reshaping6.pdf used on input line 122.
(pdftex.def)             Requested size: 120.7521pt x 120.75221pt.

<figure/Reshaping7.pdf, id=7, 505.89pt x 505.89pt>
File: figure/Reshaping7.pdf Graphic file (type pdf)
 <use figure/Reshaping7.pdf>
Package pdftex.def Info: figure/Reshaping7.pdf used on input line 123.
(pdftex.def)             Requested size: 120.7521pt x 120.75221pt.

<figure/Reshaping8.pdf, id=8, 505.89pt x 505.89pt>
File: figure/Reshaping8.pdf Graphic file (type pdf)
 <use figure/Reshaping8.pdf>
Package pdftex.def Info: figure/Reshaping8.pdf used on input line 124.
(pdftex.def)             Requested size: 120.7521pt x 120.75221pt.

<figure/Reshaping9.pdf, id=9, 505.89pt x 505.89pt>
File: figure/Reshaping9.pdf Graphic file (type pdf)
 <use figure/Reshaping9.pdf>
Package pdftex.def Info: figure/Reshaping9.pdf used on input line 125.
(pdftex.def)             Requested size: 120.7521pt x 120.75221pt.

<figure/Reshaping10.pdf, id=10, 505.89pt x 505.89pt>
File: figure/Reshaping10.pdf Graphic file (type pdf)

<use figure/Reshaping10.pdf>
Package pdftex.def Info: figure/Reshaping10.pdf used on input line 126.
(pdftex.def)             Requested size: 120.7521pt x 120.75221pt.

<figure/Reshaping11.pdf, id=11, 505.89pt x 505.89pt>
File: figure/Reshaping11.pdf Graphic file (type pdf)

<use figure/Reshaping11.pdf>
Package pdftex.def Info: figure/Reshaping11.pdf used on input line 127.
(pdftex.def)             Requested size: 120.7521pt x 120.75221pt.

<figure/Reshaping12.pdf, id=12, 505.89pt x 505.89pt>
File: figure/Reshaping12.pdf Graphic file (type pdf)

<use figure/Reshaping12.pdf>
Package pdftex.def Info: figure/Reshaping12.pdf used on input line 128.
(pdftex.def)             Requested size: 120.7521pt x 120.75221pt.

<figure/Reshaping13.pdf, id=13, 505.89pt x 505.89pt>
File: figure/Reshaping13.pdf Graphic file (type pdf)

<use figure/Reshaping13.pdf>
Package pdftex.def Info: figure/Reshaping13.pdf used on input line 129.
(pdftex.def)             Requested size: 120.7521pt x 120.75221pt.

<figure/Reshaping14.pdf, id=14, 505.89pt x 505.89pt>
File: figure/Reshaping14.pdf Graphic file (type pdf)

<use figure/Reshaping14.pdf>
Package pdftex.def Info: figure/Reshaping14.pdf used on input line 130.
(pdftex.def)             Requested size: 120.7521pt x 120.75221pt.

<figure/Reshaping15.pdf, id=15, 505.89pt x 505.89pt>
File: figure/Reshaping15.pdf Graphic file (type pdf)

<use figure/Reshaping15.pdf>
Package pdftex.def Info: figure/Reshaping15.pdf used on input line 131.
(pdftex.def)             Requested size: 120.7521pt x 120.75221pt.

<figure/Reshaping16.pdf, id=16, 505.89pt x 505.89pt>
File: figure/Reshaping16.pdf Graphic file (type pdf)

<use figure/Reshaping16.pdf>
Package pdftex.def Info: figure/Reshaping16.pdf used on input line 132.
(pdftex.def)             Requested size: 120.7521pt x 120.75221pt.

<figure/Reshaping17.pdf, id=17, 505.89pt x 505.89pt>
File: figure/Reshaping17.pdf Graphic file (type pdf)

<use figure/Reshaping17.pdf>
Package pdftex.def Info: figure/Reshaping17.pdf used on input line 133.
(pdftex.def)             Requested size: 120.7521pt x 120.75221pt.

Overfull \hbox (21.70074pt too wide) in paragraph at lines 117--134
[][] [] []
 []


Overfull \hbox (21.70074pt too wide) in paragraph at lines 117--134
[] [] []
 []


Overfull \hbox (21.70074pt too wide) in paragraph at lines 117--134
[] [] []
 []


Overfull \hbox (21.70074pt too wide) in paragraph at lines 117--134
[] [] []
 []


Overfull \hbox (21.70074pt too wide) in paragraph at lines 117--134
[] [] []
 []

[1

{/Users/koen/Library/texlive/2013/texmf-var/fonts/map/pdftex/updmap/pdftex.map}
] [2 <./figure/Reshaping1.pdf> <./figure/Reshaping2.pdf> <./figure/Reshaping3.p
df> <./figure/Reshaping4.pdf> <./figure/Reshaping5.pdf> <./figure/Reshaping6.pd
f> <./figure/Reshaping7.pdf> <./figure/Reshaping8.pdf> <./figure/Reshaping9.pdf
> <./figure/Reshaping10.pdf> <./figure/Reshaping11.pdf> <./figure/Reshaping12.p
df>] [3 <./figure/Reshaping13.pdf> <./figure/Reshaping14.pdf> <./figure/Reshapi
ng15.pdf> <./figure/Reshaping16.pdf> <./figure/Reshaping17.pdf>]
(./CoulsonTulja.aux) ) 
Here is how much of TeX's memory you used:
 1707 strings out of 493315
 25787 string characters out of 6137904
 86275 words of memory out of 5000000
 5140 multiletter control sequences out of 15000+600000
 3976 words of font info for 16 fonts, out of 8000000 for 9000
 957 hyphenation exceptions out of 8191
 38i,5n,23p,476b,282s stack positions out of 5000i,500n,10000p,200000b,80000s
</usr/local/texlive/2013/texmf-dist/fonts/type1/public/am
sfonts/cm/cmbx10.pfb></usr/local/texlive/2013/texmf-dist/fonts/type1/public/ams
fonts/cm/cmitt10.pfb></usr/local/texlive/2013/texmf-dist/fonts/type1/public/ams
fonts/cm/cmr10.pfb></usr/local/texlive/2013/texmf-dist/fonts/type1/public/amsfo
nts/cm/cmsy10.pfb></usr/local/texlive/2013/texmf-dist/fonts/type1/public/amsfon
ts/cm/cmtt10.pfb>
Output written on CoulsonTulja.pdf (3 pages, 101611 bytes).
PDF statistics:
 171 PDF objects out of 1000 (max. 8388607)
 142 compressed objects within 2 object streams
 0 named destinations out of 1000 (max. 500000)
 86 words of extra memory for PDF output out of 10000 (max. 10000000)

