This is pdfTeX, Version 3.1415926-2.4-1.40.13 (MiKTeX 2.9) (preloaded format=pdflatex 2013.11.23)  16 MAY 2014 17:09
entering extended mode
**EllnerAndTheLeprechauns.tex

("C:\Users\Thimothee Admin\Documents\GitHub\Dataset.R\EllnerAndTheLeprechauns.t
ex"
LaTeX2e <2011/06/27>
Babel <v3.8m> and hyphenation patterns for english, afrikaans, ancientgreek, ar
abic, armenian, assamese, basque, bengali, bokmal, bulgarian, catalan, coptic, 
croatian, czech, danish, dutch, esperanto, estonian, farsi, finnish, french, ga
lician, german, german-x-2012-05-30, greek, gujarati, hindi, hungarian, iceland
ic, indonesian, interlingua, irish, italian, kannada, kurmanji, latin, latvian,
 lithuanian, malayalam, marathi, mongolian, mongolianlmc, monogreek, ngerman, n
german-x-2012-05-30, nynorsk, oriya, panjabi, pinyin, polish, portuguese, roman
ian, russian, sanskrit, serbian, slovak, slovenian, spanish, swedish, swissgerm
an, tamil, telugu, turkish, turkmen, ukenglish, ukrainian, uppersorbian, usengl
ishmax, welsh, loaded.
("C:\Program Files (x86)\MiKTeX 2.9\tex\latex\base\article.cls"
Document Class: article 2007/10/19 v1.4h Standard LaTeX document class
("C:\Program Files (x86)\MiKTeX 2.9\tex\latex\base\size10.clo"
File: size10.clo 2007/10/19 v1.4h Standard LaTeX file (size option)
)
\c@part=\count79
\c@section=\count80
\c@subsection=\count81
\c@subsubsection=\count82
\c@paragraph=\count83
\c@subparagraph=\count84
\c@figure=\count85
\c@table=\count86
\abovecaptionskip=\skip41
\belowcaptionskip=\skip42
\bibindent=\dimen102
)
("C:\Users\Thimothee Admin\Documents\GitHub\Dataset.R\knitr.sty"
("C:\Program Files (x86)\MiKTeX 2.9\tex\latex\graphics\graphicx.sty"
Package: graphicx 1999/02/16 v1.0f Enhanced LaTeX Graphics (DPC,SPQR)

("C:\Program Files (x86)\MiKTeX 2.9\tex\latex\graphics\keyval.sty"
Package: keyval 1999/03/16 v1.13 key=value parser (DPC)
\KV@toks@=\toks14
)
("C:\Program Files (x86)\MiKTeX 2.9\tex\latex\graphics\graphics.sty"
Package: graphics 2009/02/05 v1.0o Standard LaTeX Graphics (DPC,SPQR)

("C:\Program Files (x86)\MiKTeX 2.9\tex\latex\graphics\trig.sty"
Package: trig 1999/03/16 v1.09 sin cos tan (DPC)
)
("C:\Program Files (x86)\MiKTeX 2.9\tex\latex\00miktex\graphics.cfg"
File: graphics.cfg 2007/01/18 v1.5 graphics configuration of teTeX/TeXLive
)
Package graphics Info: Driver file: pdftex.def on input line 91.

("C:\Program Files (x86)\MiKTeX 2.9\tex\latex\pdftex-def\pdftex.def"
File: pdftex.def 2011/05/27 v0.06d Graphics/color for pdfTeX

("C:\Program Files (x86)\MiKTeX 2.9\tex\generic\oberdiek\infwarerr.sty"
Package: infwarerr 2010/04/08 v1.3 Providing info/warning/error messages (HO)
)
("C:\Program Files (x86)\MiKTeX 2.9\tex\generic\oberdiek\ltxcmds.sty"
Package: ltxcmds 2011/11/09 v1.22 LaTeX kernel commands for general use (HO)
)
\Gread@gobject=\count87
))
\Gin@req@height=\dimen103
\Gin@req@width=\dimen104
)
("C:\Program Files (x86)\MiKTeX 2.9\tex\latex\graphics\color.sty"
Package: color 2005/11/14 v1.0j Standard LaTeX Color (DPC)

("C:\Program Files (x86)\MiKTeX 2.9\tex\latex\00miktex\color.cfg"
File: color.cfg 2007/01/18 v1.5 color configuration of teTeX/TeXLive
)
Package color Info: Driver file: pdftex.def on input line 130.
)
("C:\Users\Thimothee Admin\Documents\GitHub\Dataset.R\framed.sty"
Package: framed 2011/10/22 v 0.96: framed or shaded text with page breaks
\OuterFrameSep=\skip43
\fb@frw=\dimen105
\fb@frh=\dimen106
\FrameRule=\dimen107
\FrameSep=\dimen108
))
("C:\Program Files (x86)\MiKTeX 2.9\tex\latex\base\alltt.sty"
Package: alltt 1997/06/16 v2.0g defines alltt environment
)
("C:\Program Files (x86)\MiKTeX 2.9\tex\latex\upquote\upquote.sty"
Package: upquote 2012/04/19 v1.3 upright-quote and grave-accent glyphs in verba
tim
)
("C:\Users\Thimothee Admin\Documents\GitHub\Dataset.R\EllnerAndTheLeprechauns.a
ux")
LaTeX Font Info:    Checking defaults for OML/cmm/m/it on input line 4.
LaTeX Font Info:    ... okay on input line 4.
LaTeX Font Info:    Checking defaults for T1/cmr/m/n on input line 4.
LaTeX Font Info:    ... okay on input line 4.
LaTeX Font Info:    Checking defaults for OT1/cmr/m/n on input line 4.
LaTeX Font Info:    ... okay on input line 4.
LaTeX Font Info:    Checking defaults for OMS/cmsy/m/n on input line 4.
LaTeX Font Info:    ... okay on input line 4.
LaTeX Font Info:    Checking defaults for OMX/cmex/m/n on input line 4.
LaTeX Font Info:    ... okay on input line 4.
LaTeX Font Info:    Checking defaults for U/cmr/m/n on input line 4.
LaTeX Font Info:    ... okay on input line 4.
 ("C:\Program Files (x86)\MiKTeX 2.9\tex\context\base\supp-pdf.mkii"
[Loading MPS to PDF converter (version 2006.09.02).]
\scratchcounter=\count88
\scratchdimen=\dimen109
\scratchbox=\box26
\nofMPsegments=\count89
\nofMParguments=\count90
\everyMPshowfont=\toks15
\MPscratchCnt=\count91
\MPscratchDim=\dimen110
\MPnumerator=\count92
\makeMPintoPDFobject=\count93
\everyMPtoPDFconversion=\toks16
)
LaTeX Font Info:    External font `cmex10' loaded for size
(Font)              <12> on input line 8.
LaTeX Font Info:    External font `cmex10' loaded for size
(Font)              <8> on input line 8.
LaTeX Font Info:    External font `cmex10' loaded for size
(Font)              <6> on input line 8.
Package color Info: Redefining color shadecolor on input line 15.

Overfull \hbox (11.99689pt too wide) in paragraph at lines 18--19
[]\OT1/cmtt/m/n/10 ## Warning: cannot open file 'pop1.csv': No such file or dir
ectory[] 
 []

LaTeX Font Info:    Font shape `OT1/cmtt/bx/n' in size <10> not available
(Font)              Font shape `OT1/cmtt/m/n' tried instead on input line 20.
Package color Info: Redefining color shadecolor on input line 26.
Package color Info: Redefining color shadecolor on input line 38.
Package color Info: Redefining color shadecolor on input line 48.
[1

{C:/ProgramData/MiKTeX/2.9/pdftex/config/pdftex.map}]
Package color Info: Redefining color shadecolor on input line 66.
Package color Info: Redefining color shadecolor on input line 74.

Overfull \hbox (8.48305pt too wide) in paragraph at lines 76--76
[][]\OT1/cmtt/m/it/10 #plot(density(log(females$ARS)))#very grossly gaussian di
stribution[][] 
 []

LaTeX Font Info:    Try loading font information for OMS+cmtt on input line 90.

(C:/PROGRA~1/R/R-30~1.3/share/texmf/tex/latex\omscmtt.fd
File: omscmtt.fd 
)
LaTeX Font Info:    Font shape `OMS/cmtt/m/n' in size <10> not available
(Font)              Font shape `OMS/cmsy/m/n' tried instead on input line 90.

Overfull \hbox (59.24648pt too wide) in paragraph at lines 92--92
[]             []\OT1/cmtt/m/n/10 data[][]=females[[][]which[][](females[][]$[]
[]t[][]==[][](tempus[][]-[][]1[][])[] []|[] []females[][]$[][]t[][]==[][]tempus
),],[][] 
 []


Overfull \hbox (181.73154pt too wide) in paragraph at lines 104--104
[]  []\OT1/cmtt/m/n/10 Xtt[][]<-[][]mean[][](females[][]$[][]ARS[[][]which[][](
females[][]$[][]t[][]==[][](tempus[][]-[][]1[][]))])[] []\OT1/cmtt/m/it/10 #not
 exactly exp(intercept+Zt0*dXdz+kt0*dXdk)[][] 
 []


Overfull \hbox (123.98204pt too wide) in paragraph at lines 105--105
[]  []\OT1/cmtt/m/it/10 #I do not want to account for the interaction (??) as i
t is problematic for XtT and XTt[][] 
 []


Overfull \hbox (160.73172pt too wide) in paragraph at lines 106--106
[]  []\OT1/cmtt/m/n/10 XTT[][]<-[][]mean[][](females[][]$[][]ARS[[][]which[][](
females[][]$[][]t[][]==[][]tempus)])[][]\OT1/cmtt/m/it/10 # not exactly exp(int
ercept+Zt1*dXdz+kt1*dXdk)[][] 
 []


Overfull \hbox (123.98204pt too wide) in paragraph at lines 107--107
[]  []\OT1/cmtt/m/it/10 #I do not want to account for the interaction (??) as i
t is problematic for XtT and XTt[][] 
 []


Overfull \hbox (102.98222pt too wide) in paragraph at lines 108--108
[]  []\OT1/cmtt/m/n/10 XtT[][]<-[][]exp[][](intercept[][]+[][]Zt0[][]*[][]dXdz[
][]+[][]kt1[][]*[][]dXdk)[][]\OT1/cmtt/m/it/10 #this is done with population me
an assumption.[][] 
 []


Overfull \hbox (108.23218pt too wide) in paragraph at lines 110--110
[]  []\OT1/cmtt/m/n/10 XTt[][]<-[][]exp[][](intercept[][]+[][]Zt1[][]*[][]dXdz[
][]+[][]kt0[][]*[][]dXdk)[][]\OT1/cmtt/m/it/10 #this is done with population me
an assumption. [][] 
 []


Overfull \hbox (48.74657pt too wide) in paragraph at lines 113--113
[]  []\OT1/cmtt/m/n/10 AX[][]<-[][]as.data.frame[][]([][]matrix[][]([][]data[][
]=[][]c[][](Xtt,XTt,XtT,XTT,[][]0[][],[][]1[][],[][]0[][],[][]1[][],[][]0[][],[
][]0[][],[][]1[][],[][]1[][]),[][]ncol[][]=[][]3[][]))[][] 
 []


Overfull \hbox (71.4825pt too wide) in paragraph at lines 114--114
[]  []\OT1/cmtt/m/it/10 #using an anova we get the respective importance of evo
lution and of ecology:[][] 
 []

[2]
Package color Info: Redefining color shadecolor on input line 136.
Package color Info: Redefining color shadecolor on input line 153.
 [3]
Package color Info: Redefining color shadecolor on input line 170.

Overfull \hbox (90.7462pt too wide) in paragraph at lines 188--188
[]    []\OT1/cmtt/m/n/10 mARS1[] []<-[] []glm[][](ARS[] []~[] []1[] []+[] []C[]
 []+[] []z[] []+[] []bvs,[] []data[] []= females[[][]which[][](females[][]$[][]
t[] []==[] [](tempus[] []-[][] 
 []


Overfull \hbox (696.22705pt too wide) in paragraph at lines 202--202
[]    []\OT1/cmtt/m/n/10 Xttt[] []<-[] []mean[][](females[][]$[][]ARS[[][]which
[][](females[][]$[][]t[] []==[] [](tempus[] []-[] []1[][]))])[]  []\OT1/cmtt/m/
it/10 # not exactly exp(intercept+Zt0*dXdz+kt0*dXdk) I do not want to account f
or the interaction (??) as it is problematic for XtT and XTt[][] 
 []


Overfull \hbox (664.72733pt too wide) in paragraph at lines 203--203
[]    []\OT1/cmtt/m/n/10 XTTT[] []<-[] []mean[][](females[][]$[][]ARS[[][]which
[][](females[][]$[][]t[] []==[] []tempus)])[]  []\OT1/cmtt/m/it/10 # not exactl
y exp(intercept+Zt1*dXdz+kt1*dXdk) I do not want to account for the interaction
 (??) as it is problematic for XtT and XTt[][] 
 []


Overfull \hbox (475.72897pt too wide) in paragraph at lines 204--204
[]    []\OT1/cmtt/m/n/10 XttT[] []<-[] []exp[][](intercept[] []+[] []Zt0[] []*[
] []dXdz[] []+[] []gt0[] []*[] []dXdg[] []+[] []kt1[] []*[] []dXdk)[]  []\OT1/c
mtt/m/it/10 #this is done with population mean assumption. Would be impossible 
on an individual basis[][] 
 []


Overfull \hbox (475.72897pt too wide) in paragraph at lines 205--205
[]    []\OT1/cmtt/m/n/10 XtTt[] []<-[] []exp[][](intercept[] []+[] []Zt0[] []*[
] []dXdz[] []+[] []gt1[] []*[] []dXdg[] []+[] []kt0[] []*[] []dXdk)[]  []\OT1/c
mtt/m/it/10 #this is done with population mean assumption. Would be impossible 
on an individual basis[][] 
 []


Overfull \hbox (475.72897pt too wide) in paragraph at lines 206--206
[]    []\OT1/cmtt/m/n/10 XtTT[] []<-[] []exp[][](intercept[] []+[] []Zt0[] []*[
] []dXdz[] []+[] []gt1[] []*[] []dXdg[] []+[] []kt1[] []*[] []dXdk)[]  []\OT1/c
mtt/m/it/10 #this is done with population mean assumption. Would be impossible 
on an individual basis[][] 
 []


Overfull \hbox (475.72897pt too wide) in paragraph at lines 207--207
[]    []\OT1/cmtt/m/n/10 XTtt[] []<-[] []exp[][](intercept[] []+[] []Zt1[] []*[
] []dXdz[] []+[] []gt0[] []*[] []dXdg[] []+[] []kt0[] []*[] []dXdk)[]  []\OT1/c
mtt/m/it/10 #this is done with population mean assumption. Would be impossible 
on an individual basis[][] 
 []


Overfull \hbox (475.72897pt too wide) in paragraph at lines 208--208
[]    []\OT1/cmtt/m/n/10 XTtT[] []<-[] []exp[][](intercept[] []+[] []Zt1[] []*[
] []dXdz[] []+[] []gt0[] []*[] []dXdg[] []+[] []kt1[] []*[] []dXdk)[]  []\OT1/c
mtt/m/it/10 #this is done with population mean assumption. Would be impossible 
on an individual basis[][] 
 []


Overfull \hbox (475.72897pt too wide) in paragraph at lines 209--209
[]    []\OT1/cmtt/m/n/10 XTTt[] []<-[] []exp[][](intercept[] []+[] []Zt1[] []*[
] []dXdz[] []+[] []gt1[] []*[] []dXdg[] []+[] []kt0[] []*[] []dXdk)[]  []\OT1/c
mtt/m/it/10 #this is done with population mean assumption. Would be impossible 
on an individual basis[][] 
 []


Overfull \hbox (53.99652pt too wide) in paragraph at lines 211--211
[]    []\OT1/cmtt/m/n/10 AX[] []<-[] []data.frame[][]([][]c[][](Xttt, XttT, XtT
t, XtTT, XTtt, XTtT, XTTt, XTTT),[] []c[][]([][]0[][],[][] 
 []


Overfull \hbox (53.99652pt too wide) in paragraph at lines 212--212
[]        []\OT1/cmtt/m/n/10 0[][],[] []0[][],[] []0[][],[] []1[][],[] []1[][],
[] []1[][],[] []1[][]),[] []c[][]([][]0[][],[] []0[][],[] []1[][],[] []1[][],[]
 []0[][],[] []0[][],[] []1[][],[] []1[][]),[] []c[][]([][]0[][],[] []1[][],[] [
]0[][],[] []1[][],[] []0[][],[] []1[][],[][] 
 []

[4]
Package color Info: Redefining color shadecolor on input line 229.
Package color Info: Redefining color shadecolor on input line 248.
Package color Info: Redefining color shadecolor on input line 263.
 [5]
("C:\Users\Thimothee Admin\Documents\GitHub\Dataset.R\EllnerAndTheLeprechauns.a
ux") ) 
Here is how much of TeX's memory you used:
 1300 strings out of 493921
 17980 string characters out of 3147251
 82789 words of memory out of 3000000
 4609 multiletter control sequences out of 15000+200000
 8577 words of font info for 31 fonts, out of 3000000 for 9000
 841 hyphenation exceptions out of 8191
 34i,6n,21p,491b,282s stack positions out of 5000i,500n,10000p,200000b,50000s
<C:/Program Files (x86)/MiKTeX 2.9/fonts/type1/public/amsfonts/cm/cmbx10.
pfb><C:/Program Files (x86)/MiKTeX 2.9/fonts/type1/public/amsfonts/cm/cmbx12.pf
b><C:/Program Files (x86)/MiKTeX 2.9/fonts/type1/public/amsfonts/cm/cmitt10.pfb
><C:/Program Files (x86)/MiKTeX 2.9/fonts/type1/public/amsfonts/cm/cmr10.pfb><C
:/Program Files (x86)/MiKTeX 2.9/fonts/type1/public/amsfonts/cm/cmr12.pfb><C:/P
rogram Files (x86)/MiKTeX 2.9/fonts/type1/public/amsfonts/cm/cmr17.pfb><C:/Prog
ram Files (x86)/MiKTeX 2.9/fonts/type1/public/amsfonts/cm/cmsy10.pfb><C:/Progra
m Files (x86)/MiKTeX 2.9/fonts/type1/public/amsfonts/cm/cmti10.pfb><C:/Program 
Files (x86)/MiKTeX 2.9/fonts/type1/public/amsfonts/cm/cmtt10.pfb>
Output written on EllnerAndTheLeprechauns.pdf (5 pages, 133550 bytes).
PDF statistics:
 54 PDF objects out of 1000 (max. 8388607)
 0 named destinations out of 1000 (max. 500000)
 1 words of extra memory for PDF output out of 10000 (max. 10000000)

